<?xml version="1.0" encoding="UTF-8"?>
<!-- Generated by org.testng.reporters.JUnitReportReporter -->
<testsuite hostname="SAIKISHORE007" failures="0" tests="1" name="Day9_Custmized_EmailableReport.Addjobtitles_Test" time="25.475" errors="0" timestamp="2021-04-14T16:13:51 IST" skipped="0">
  <testcase classname="Day9_Custmized_EmailableReport.Addjobtitles_Test" name="Addskills" time="25.475"/>
  <system-out>
    <![CDATA[<table> <tr >  <img   style="border:1px solid black;"      src="C:\HTML Report\HtmlTemplates\Logo.JPEG"></tr><tr   ><center><font color="red"  size="15" >Addskills</font></center></tr><tr bgcolor="#9370DB"> <th width="100px"> <center><font color="white"  size="4" >Steps</font></center><font color="white"  size="4" ></font></center> </th> <th width="450px" ><center><font color="white"  size="4" >Details </font> </center></th> <th width="100px" ><center><font color="white"  size="4" >Status</font></center></th>  <th  width="250px"  ><center><font color="white"  size="4" >Screen Shots</font></center></th> <th width="250px"  ><center><font color="white"  size="4" >Date & Time</font></center></th>  </tr>       
 <tr bgcolor="#eee"> <th width="100px"> <center>Step&nbsp;1</center> </th> <th width="450px" ><center><b><font color='black'>   openedOrangeHRM</b> </font></center></th> <th width="100px" ><center><img src='file:///C:\HTML Report\HtmlTemplates\passed.ico'    +     "width="30" + height="30"></img></center></th>  <th  width="250px"  ><center><a href=C:/HTML Report/test-output/TempScreenShots/Addskills_2021_Apr_14_4_13_28_957_PM/14_Apr_2021 4_13_33_925 PM.png target="popup" onclick="window.open('C:/HTML Report/test-output/TempScreenShots/Addskills_2021_Apr_14_4_13_28_957_PM/14_Apr_2021 4_13_33_925 PM.png','popup','width=600,height=600'); return false;"> ScreenShot</a> </center></th> <th width="250px"  ><center>2021_Apr_14_4_13_34_875_PM</center></th>  </tr>      
 <tr bgcolor="#ddd"> <th width="100px"> <center>Step&nbsp;2</center> </th> <th width="450px" ><center><b><font color='black'>   Entered Username</b> </font></center></th> <th width="100px" ><center><img src='file:///C:\HTML Report\HtmlTemplates\passed.ico'    +     "width="30" + height="30"></img></center></th>  <th  width="250px"  ><center><a href=C:/HTML Report/test-output/TempScreenShots/Addskills_2021_Apr_14_4_13_28_957_PM/14_Apr_2021 4_13_35_003 PM.png target="popup" onclick="window.open('C:/HTML Report/test-output/TempScreenShots/Addskills_2021_Apr_14_4_13_28_957_PM/14_Apr_2021 4_13_35_003 PM.png','popup','width=600,height=600'); return false;"> ScreenShot</a> </center></th> <th width="250px"  ><center>2021_Apr_14_4_13_35_433_PM</center></th>  </tr>      
 <tr bgcolor="#eee"> <th width="100px"> <center>Step&nbsp;3</center> </th> <th width="450px" ><center><b><font color='black'>   Entered Password</b> </font></center></th> <th width="100px" ><center><img src='file:///C:\HTML Report\HtmlTemplates\passed.ico'    +     "width="30" + height="30"></img></center></th>  <th  width="250px"  ><center><a href=C:/HTML Report/test-output/TempScreenShots/Addskills_2021_Apr_14_4_13_28_957_PM/14_Apr_2021 4_13_35_553 PM.png target="popup" onclick="window.open('C:/HTML Report/test-output/TempScreenShots/Addskills_2021_Apr_14_4_13_28_957_PM/14_Apr_2021 4_13_35_553 PM.png','popup','width=600,height=600'); return false;"> ScreenShot</a> </center></th> <th width="250px"  ><center>2021_Apr_14_4_13_35_948_PM</center></th>  </tr>      
 <tr bgcolor="#ddd"> <th width="100px"> <center>Step&nbsp;4</center> </th> <th width="450px" ><center><b><font color='black'>   Clicked on Login</b> </font></center></th> <th width="100px" ><center><img src='file:///C:\HTML Report\HtmlTemplates\passed.ico'    +     "width="30" + height="30"></img></center></th>  <th  width="250px"  ><center><a href=C:/HTML Report/test-output/TempScreenShots/Addskills_2021_Apr_14_4_13_28_957_PM/14_Apr_2021 4_13_41_428 PM.png target="popup" onclick="window.open('C:/HTML Report/test-output/TempScreenShots/Addskills_2021_Apr_14_4_13_28_957_PM/14_Apr_2021 4_13_41_428 PM.png','popup','width=600,height=600'); return false;"> ScreenShot</a> </center></th> <th width="250px"  ><center>2021_Apr_14_4_13_41_907_PM</center></th>  </tr>      
 <tr bgcolor="#eee"> <th width="100px"> <center>Step&nbsp;5</center> </th> <th width="450px" ><center><b><font color='black'>   Clicked on Admin</b> </font></center></th> <th width="100px" ><center><img src='file:///C:\HTML Report\HtmlTemplates\passed.ico'    +     "width="30" + height="30"></img></center></th>  <th  width="250px"  ><center><a href=C:/HTML Report/test-output/TempScreenShots/Addskills_2021_Apr_14_4_13_28_957_PM/14_Apr_2021 4_13_44_523 PM.png target="popup" onclick="window.open('C:/HTML Report/test-output/TempScreenShots/Addskills_2021_Apr_14_4_13_28_957_PM/14_Apr_2021 4_13_44_523 PM.png','popup','width=600,height=600'); return false;"> ScreenShot</a> </center></th> <th width="250px"  ><center>2021_Apr_14_4_13_44_890_PM</center></th>  </tr>      
 <tr bgcolor="#ddd"> <th width="100px"> <center>Step&nbsp;6</center> </th> <th width="450px" ><center><b><font color='black'>   Clicked on Job</b> </font></center></th> <th width="100px" ><center><img src='file:///C:\HTML Report\HtmlTemplates\passed.ico'    +     "width="30" + height="30"></img></center></th>  <th  width="250px"  ><center><a href=C:/HTML Report/test-output/TempScreenShots/Addskills_2021_Apr_14_4_13_28_957_PM/14_Apr_2021 4_13_45_015 PM.png target="popup" onclick="window.open('C:/HTML Report/test-output/TempScreenShots/Addskills_2021_Apr_14_4_13_28_957_PM/14_Apr_2021 4_13_45_015 PM.png','popup','width=600,height=600'); return false;"> ScreenShot</a> </center></th> <th width="250px"  ><center>2021_Apr_14_4_13_45_366_PM</center></th>  </tr>      
 <tr bgcolor="#eee"> <th width="100px"> <center>Step&nbsp;7</center> </th> <th width="450px" ><center><b><font color='black'>   Clicked on Jobtitles</b> </font></center></th> <th width="100px" ><center><img src='file:///C:\HTML Report\HtmlTemplates\passed.ico'    +     "width="30" + height="30"></img></center></th>  <th  width="250px"  ><center><a href=C:/HTML Report/test-output/TempScreenShots/Addskills_2021_Apr_14_4_13_28_957_PM/14_Apr_2021 4_13_46_590 PM.png target="popup" onclick="window.open('C:/HTML Report/test-output/TempScreenShots/Addskills_2021_Apr_14_4_13_28_957_PM/14_Apr_2021 4_13_46_590 PM.png','popup','width=600,height=600'); return false;"> ScreenShot</a> </center></th> <th width="250px"  ><center>2021_Apr_14_4_13_47_005_PM</center></th>  </tr>      
 <tr bgcolor="#ddd"> <th width="100px"> <center>Step&nbsp;8</center> </th> <th width="450px" ><center><b><font color='black'>   Clicked on Add</b> </font></center></th> <th width="100px" ><center><img src='file:///C:\HTML Report\HtmlTemplates\passed.ico'    +     "width="30" + height="30"></img></center></th>  <th  width="250px"  ><center><a href=C:/HTML Report/test-output/TempScreenShots/Addskills_2021_Apr_14_4_13_28_957_PM/14_Apr_2021 4_13_48_162 PM.png target="popup" onclick="window.open('C:/HTML Report/test-output/TempScreenShots/Addskills_2021_Apr_14_4_13_28_957_PM/14_Apr_2021 4_13_48_162 PM.png','popup','width=600,height=600'); return false;"> ScreenShot</a> </center></th> <th width="250px"  ><center>2021_Apr_14_4_13_48_620_PM</center></th>  </tr>      
 <tr bgcolor="#eee"> <th width="100px"> <center>Step&nbsp;9</center> </th> <th width="450px" ><center><b><font color='black'>   Entered Jobtitle</b> </font></center></th> <th width="100px" ><center><img src='file:///C:\HTML Report\HtmlTemplates\passed.ico'    +     "width="30" + height="30"></img></center></th>  <th  width="250px"  ><center><a href=C:/HTML Report/test-output/TempScreenShots/Addskills_2021_Apr_14_4_13_28_957_PM/14_Apr_2021 4_13_48_836 PM.png target="popup" onclick="window.open('C:/HTML Report/test-output/TempScreenShots/Addskills_2021_Apr_14_4_13_28_957_PM/14_Apr_2021 4_13_48_836 PM.png','popup','width=600,height=600'); return false;"> ScreenShot</a> </center></th> <th width="250px"  ><center>2021_Apr_14_4_13_49_211_PM</center></th>  </tr>      
 <tr bgcolor="#ddd"> <th width="100px"> <center>Step&nbsp;10</center> </th> <th width="450px" ><center><b><font color='black'>   Entered JobDescrption</b> </font></center></th> <th width="100px" ><center><img src='file:///C:\HTML Report\HtmlTemplates\passed.ico'    +     "width="30" + height="30"></img></center></th>  <th  width="250px"  ><center><a href=C:/HTML Report/test-output/TempScreenShots/Addskills_2021_Apr_14_4_13_28_957_PM/14_Apr_2021 4_13_49_331 PM.png target="popup" onclick="window.open('C:/HTML Report/test-output/TempScreenShots/Addskills_2021_Apr_14_4_13_28_957_PM/14_Apr_2021 4_13_49_331 PM.png','popup','width=600,height=600'); return false;"> ScreenShot</a> </center></th> <th width="250px"  ><center>2021_Apr_14_4_13_49_700_PM</center></th>  </tr>      
 <tr bgcolor="#eee"> <th width="100px"> <center>Step&nbsp;11</center> </th> <th width="450px" ><center><b><font color='black'>   Entered Jobtitle Note</b> </font></center></th> <th width="100px" ><center><img src='file:///C:\HTML Report\HtmlTemplates\passed.ico'    +     "width="30" + height="30"></img></center></th>  <th  width="250px"  ><center><a href=C:/HTML Report/test-output/TempScreenShots/Addskills_2021_Apr_14_4_13_28_957_PM/14_Apr_2021 4_13_49_823 PM.png target="popup" onclick="window.open('C:/HTML Report/test-output/TempScreenShots/Addskills_2021_Apr_14_4_13_28_957_PM/14_Apr_2021 4_13_49_823 PM.png','popup','width=600,height=600'); return false;"> ScreenShot</a> </center></th> <th width="250px"  ><center>2021_Apr_14_4_13_50_182_PM</center></th>  </tr>      
 <tr bgcolor="#ddd"> <th width="100px"> <center>Step&nbsp;12</center> </th> <th width="450px" ><center><b><font color='black'>   Clicked on Save</b> </font></center></th> <th width="100px" ><center><img src='file:///C:\HTML Report\HtmlTemplates\passed.ico'    +     "width="30" + height="30"></img></center></th>  <th  width="250px"  ><center><a href=C:/HTML Report/test-output/TempScreenShots/Addskills_2021_Apr_14_4_13_28_957_PM/14_Apr_2021 4_13_50_295 PM.png target="popup" onclick="window.open('C:/HTML Report/test-output/TempScreenShots/Addskills_2021_Apr_14_4_13_28_957_PM/14_Apr_2021 4_13_50_295 PM.png','popup','width=600,height=600'); return false;"> ScreenShot</a> </center></th> <th width="250px"  ><center>2021_Apr_14_4_13_50_680_PM</center></th>  </tr>      ]]>
  </system-out>
</testsuite> <!-- Day9_Custmized_EmailableReport.Addjobtitles_Test -->
