<?xml version="1.0" encoding="UTF-8"?>
<!-- Generated by org.testng.reporters.JUnitReportReporter -->
<testsuite hostname="SAIKISHORE007" failures="0" tests="1" name="FailedTestCases_Report.TC01_Login" time="22.085" errors="0" timestamp="2021-04-07T19:28:06 IST" skipped="0">
  <testcase classname="FailedTestCases_Report.TC01_Login" name="Login_Test" time="22.085"/>
  <system-out/>
</testsuite> <!-- FailedTestCases_Report.TC01_Login -->
