<?xml version="1.0" encoding="UTF-8"?>
<!-- Generated by org.testng.reporters.JUnitReportReporter -->
<testsuite hostname="SAIKISHORE007" failures="0" tests="1" name="Day_18PageObjectModel.AddEducation" time="16.770" errors="0" timestamp="2021-04-21T16:34:39 IST" skipped="0">
  <testcase classname="Day_18PageObjectModel.AddEducation" name="AddEducation" time="16.770"/>
  <system-out/>
</testsuite> <!-- Day_18PageObjectModel.AddEducation -->
