<?xml version="1.0" encoding="UTF-8"?>
<!-- Generated by org.testng.reporters.JUnitReportReporter -->
<testsuite hostname="SAIKISHORE007" failures="0" tests="2" name="Day7_TestNG_Parameter_Excel_Browser.AddEducation_Test" time="16.451" errors="0" timestamp="2021-04-13T16:19:23 IST" skipped="0">
  <testcase classname="Day7_TestNG_Parameter_Excel_Browser.AddEducation_Test" name="Addskills" time="3.699"/>
  <system-out/>
  <testcase classname="Day7_TestNG_Parameter_Excel_Browser.AddEducation_Test" name="Addskills" time="12.752"/>
  <system-out/>
</testsuite> <!-- Day7_TestNG_Parameter_Excel_Browser.AddEducation_Test -->
