<?xml version="1.0" encoding="UTF-8"?>
<!-- Generated by org.testng.reporters.JUnitReportReporter -->
<testsuite hostname="SAIKISHORE007" failures="0" tests="1" name="Day11_Frames.switch_into_frame_by_index" time="15.203" errors="0" timestamp="2021-04-19T17:21:59 IST" skipped="0">
  <testcase classname="Day11_Frames.switch_into_frame_by_index" name="frame_by_index" time="15.203"/>
  <system-out/>
</testsuite> <!-- Day11_Frames.switch_into_frame_by_index -->
