<?xml version="1.0" encoding="UTF-8"?>
<!-- Generated by org.testng.reporters.JUnitReportReporter -->
<testsuite hostname="SAIKISHORE007" failures="0" tests="1" name="Day10_JavaScriptExecutor.MultipleWindows_1" time="11.187" errors="0" timestamp="2021-04-18T11:07:01 IST" skipped="0">
  <testcase classname="Day10_JavaScriptExecutor.MultipleWindows_1" name="windows_Test" time="11.187"/>
  <system-out/>
</testsuite> <!-- Day10_JavaScriptExecutor.MultipleWindows_1 -->
