<?xml version="1.0" encoding="UTF-8"?>
<!-- Generated by org.testng.reporters.JUnitReportReporter -->
<testsuite hostname="SAIKISHORE007" failures="0" tests="1" name="Day10_Actionsclass.Double_Click" time="12.185" errors="0" timestamp="2021-04-18T15:48:56 IST" skipped="0">
  <testcase classname="Day10_Actionsclass.Double_Click" name="doubleclick" time="12.185"/>
  <system-out/>
</testsuite> <!-- Day10_Actionsclass.Double_Click -->
