<?xml version="1.0" encoding="UTF-8"?>
<!-- Generated by org.testng.reporters.JUnitReportReporter -->
<testsuite hostname="SAIKISHORE007" failures="0" tests="1" name="Lab26_TakeScreenShot.TakeScreenShot" time="24.708" errors="0" timestamp="2021-04-07T17:05:15 IST" skipped="0">
  <testcase classname="Lab26_TakeScreenShot.TakeScreenShot" name="TakeScreenShot_Test" time="24.708"/>
  <system-out/>
</testsuite> <!-- Lab26_TakeScreenShot.TakeScreenShot -->
