<?xml version="1.0" encoding="UTF-8"?>
<!-- Generated by org.testng.reporters.JUnitReportReporter -->
<testsuite hostname="SAIKISHORE007" failures="0" tests="1" name="Day2_AddEducation.AddEducation_Test" time="33.079" errors="0" timestamp="2021-04-10T18:26:38 IST" skipped="0">
  <testcase classname="Day2_AddEducation.AddEducation_Test" name="Addskills" time="33.079"/>
  <system-out/>
</testsuite> <!-- Day2_AddEducation.AddEducation_Test -->
