<?xml version="1.0" encoding="UTF-8"?>
<!-- Generated by org.testng.reporters.JUnitReportReporter -->
<testsuite hostname="SAIKISHORE007" failures="0" tests="1" name="Day_21Excel_Apache_POI.AddEducation_Test_Xls" time="28.977" errors="0" timestamp="2021-04-29T11:14:36 IST" skipped="0">
  <testcase classname="Day_21Excel_Apache_POI.AddEducation_Test_Xls" name="Addskills" time="28.977"/>
  <system-out/>
</testsuite> <!-- Day_21Excel_Apache_POI.AddEducation_Test_Xls -->
