<?xml version="1.0" encoding="UTF-8"?>
<!-- Generated by org.testng.reporters.JUnitReportReporter -->
<testsuite hostname="SAIKISHORE007" failures="0" tests="3" name="Day5_Dataprovider_NonStatic.AddSkills_Test2" time="45.974" errors="0" timestamp="2021-04-11T14:49:41 IST" skipped="0">
  <testcase classname="Day5_Dataprovider_NonStatic.AddSkills_Test2" name="Addskills_" time="15.697"/>
  <system-out/>
  <testcase classname="Day5_Dataprovider_NonStatic.AddSkills_Test2" name="Addskills_" time="15.405"/>
  <system-out/>
  <testcase classname="Day5_Dataprovider_NonStatic.AddSkills_Test2" name="Addskills_" time="14.872"/>
  <system-out/>
</testsuite> <!-- Day5_Dataprovider_NonStatic.AddSkills_Test2 -->
