<?xml version="1.0" encoding="UTF-8"?>
<!-- Generated by org.testng.reporters.JUnitReportReporter -->
<testsuite hostname="SAIKISHORE007" failures="0" tests="2" name="Day8_Parallel_Methods.AllTests" time="20.366" errors="0" timestamp="2021-04-13T18:21:08 IST" skipped="0">
  <testcase classname="Day8_Parallel_Methods.AllTests" name="OrangeHRM" time="11.651"/>
  <system-out/>
  <testcase classname="Day8_Parallel_Methods.AllTests" name="Mercury" time="8.715"/>
  <system-out/>
</testsuite> <!-- Day8_Parallel_Methods.AllTests -->
