<?xml version="1.0" encoding="UTF-8"?>
<!-- Generated by org.testng.reporters.JUnitReportReporter -->
<testsuite hostname="SAIKISHORE007" failures="0" tests="1" name="Day10_JavaScriptExecutor.JavaScriptExecutor" time="25.533" errors="0" timestamp="2021-04-18T12:42:40 IST" skipped="0">
  <testcase classname="Day10_JavaScriptExecutor.JavaScriptExecutor" name="JSE_Test" time="25.533"/>
  <system-out/>
</testsuite> <!-- Day10_JavaScriptExecutor.JavaScriptExecutor -->
