<?xml version="1.0" encoding="UTF-8"?>
<!-- Generated by org.testng.reporters.JUnitReportReporter -->
<testsuite hostname="SAIKISHORE007" failures="0" tests="1" name="Day_21Excel_Apache_POI.Importdata_from_Excel_xls" time="22.291" errors="0" timestamp="2021-04-29T12:48:25 IST" skipped="0">
  <testcase classname="Day_21Excel_Apache_POI.Importdata_from_Excel_xls" name="Importdata_xls" time="22.291"/>
  <system-out/>
</testsuite> <!-- Day_21Excel_Apache_POI.Importdata_from_Excel_xls -->
