<?xml version="1.0" encoding="UTF-8"?>
<!-- Generated by org.testng.reporters.JUnitReportReporter -->
<testsuite hostname="SAIKISHORE007" failures="0" tests="4" name="Day13_Priority.AddEducation_Test" time="19.700" errors="0" timestamp="2021-04-20T17:06:19 IST" skipped="0">
  <testcase classname="Day13_Priority.AddEducation_Test" name="Test2_Login" time="5.440"/>
  <system-out/>
  <testcase classname="Day13_Priority.AddEducation_Test" name="Test4_CloseBrowser" time="0.857"/>
  <system-out/>
  <testcase classname="Day13_Priority.AddEducation_Test" name="Test1_OpenChromeBrowser" time="8.648"/>
  <system-out/>
  <testcase classname="Day13_Priority.AddEducation_Test" name="Test3_AddQualifications" time="4.755"/>
  <system-out/>
</testsuite> <!-- Day13_Priority.AddEducation_Test -->
