<?xml version="1.0" encoding="UTF-8"?>
<!-- Generated by org.testng.reporters.JUnitReportReporter -->
<testsuite hostname="SAIKISHORE007" failures="0" tests="3" name="Day6_Dataprovider_excel_mutltibrowser.Addjobtitles_Test" time="93.990" errors="0" timestamp="2021-04-12T16:43:52 IST" skipped="0">
  <testcase classname="Day6_Dataprovider_excel_mutltibrowser.Addjobtitles_Test" name="Addskills" time="25.704"/>
  <system-out/>
  <testcase classname="Day6_Dataprovider_excel_mutltibrowser.Addjobtitles_Test" name="Addskills" time="25.351"/>
  <system-out/>
  <testcase classname="Day6_Dataprovider_excel_mutltibrowser.Addjobtitles_Test" name="Addskills" time="42.935"/>
  <system-out/>
</testsuite> <!-- Day6_Dataprovider_excel_mutltibrowser.Addjobtitles_Test -->
