<?xml version="1.0" encoding="UTF-8"?>
<!-- Generated by org.testng.reporters.JUnitReportReporter -->
<testsuite hostname="SAIKISHORE007" failures="0" tests="1" name="Day_17ExecuteFailed_Testcases.Addjobtitles_Test" time="29.750" errors="0" timestamp="2021-04-21T15:26:35 IST" skipped="0">
  <testcase classname="Day_17ExecuteFailed_Testcases.Addjobtitles_Test" name="Addskills" time="29.750"/>
  <system-out/>
</testsuite> <!-- Day_17ExecuteFailed_Testcases.Addjobtitles_Test -->
