<?xml version="1.0" encoding="UTF-8"?>
<!-- Generated by org.testng.reporters.JUnitReportReporter -->
<testsuite hostname="SAIKISHORE007" failures="0" tests="1" name="Day3_non_staticparameterMethod.AddSkills_Test" time="41.037" errors="0" timestamp="2021-04-10T18:09:10 IST" skipped="0">
  <testcase classname="Day3_non_staticparameterMethod.AddSkills_Test" name="Addskills_" time="41.037"/>
  <system-out/>
</testsuite> <!-- Day3_non_staticparameterMethod.AddSkills_Test -->
