<?xml version="1.0" encoding="UTF-8"?>
<!-- Generated by org.testng.reporters.JUnitReportReporter -->
<testsuite hostname="SAIKISHORE007" failures="0" tests="3" name="Day5_Dataprovider_NonStatic.AddEducation_Test" time="48.366" errors="0" timestamp="2021-04-11T13:45:36 IST" skipped="0">
  <testcase classname="Day5_Dataprovider_NonStatic.AddEducation_Test" name="Addskills" time="17.774"/>
  <system-out/>
  <testcase classname="Day5_Dataprovider_NonStatic.AddEducation_Test" name="Addskills" time="15.364"/>
  <system-out/>
  <testcase classname="Day5_Dataprovider_NonStatic.AddEducation_Test" name="Addskills" time="15.228"/>
  <system-out/>
</testsuite> <!-- Day5_Dataprovider_NonStatic.AddEducation_Test -->
