<?xml version="1.0" encoding="UTF-8"?>
<!-- Generated by org.testng.reporters.JUnitReportReporter -->
<testsuite hostname="SAIKISHORE007" failures="0" tests="1" name="DAY_21Date_and_Timepiker.date_and_time" time="29.666" errors="0" timestamp="2021-04-23T17:06:03 IST" skipped="0">
  <testcase classname="DAY_21Date_and_Timepiker.date_and_time" name="Date_Time" time="29.666"/>
  <system-out/>
</testsuite> <!-- DAY_21Date_and_Timepiker.date_and_time -->
