<?xml version="1.0" encoding="UTF-8"?>
<!-- Generated by org.testng.reporters.JUnitReportReporter -->
<testsuite hostname="SAIKISHORE007" failures="0" tests="1" name="Day3_StaticparameterMethod.AddSkills_Test" time="37.095" errors="0" timestamp="2021-04-10T18:20:07 IST" skipped="0">
  <testcase classname="Day3_StaticparameterMethod.AddSkills_Test" name="Addskills_" time="37.095"/>
  <system-out/>
</testsuite> <!-- Day3_StaticparameterMethod.AddSkills_Test -->
