<?xml version="1.0" encoding="UTF-8"?>
<!-- Generated by org.testng.reporters.JUnitReportReporter -->
<testsuite hostname="SAIKISHORE007" failures="0" tests="2" name="Day7_TestNG_Parameters_nonstatic.AddEducation_Test" time="41.376" errors="0" timestamp="2021-04-13T10:28:29 IST" skipped="0">
  <testcase classname="Day7_TestNG_Parameters_nonstatic.AddEducation_Test" name="Addskills" time="18.742"/>
  <system-out/>
  <testcase classname="Day7_TestNG_Parameters_nonstatic.AddEducation_Test" name="Addskills" time="22.634"/>
  <system-out/>
</testsuite> <!-- Day7_TestNG_Parameters_nonstatic.AddEducation_Test -->
