<?xml version="1.0" encoding="UTF-8"?>
<!-- Generated by org.testng.reporters.JUnitReportReporter -->
<testsuite hostname="SAIKISHORE007" failures="0" tests="1" name="Day_21Excel_Apache_POI.Addjobtitles_Test_import_To_Excel_xls_multipledata" time="42.626" errors="0" timestamp="2021-04-29T13:46:30 IST" skipped="0">
  <testcase classname="Day_21Excel_Apache_POI.Addjobtitles_Test_import_To_Excel_xls_multipledata" name="Addskills" time="42.626"/>
  <system-out/>
</testsuite> <!-- Day_21Excel_Apache_POI.Addjobtitles_Test_import_To_Excel_xls_multipledata -->
