<?xml version="1.0" encoding="UTF-8"?>
<!-- Generated by org.testng.reporters.JUnitReportReporter -->
<testsuite hostname="SAIKISHORE007" failures="0" tests="1" name="Day10_Actionsclass.Mouse_Hover" time="19.861" errors="0" timestamp="2021-04-18T15:22:34 IST" skipped="0">
  <testcase classname="Day10_Actionsclass.Mouse_Hover" name="Mouse_HouseTest" time="19.861"/>
  <system-out/>
</testsuite> <!-- Day10_Actionsclass.Mouse_Hover -->
