<?xml version="1.0" encoding="UTF-8"?>
<!-- Generated by org.testng.reporters.JUnitReportReporter -->
<testsuite hostname="SAIKISHORE007" failures="0" tests="1" name="Day10_Actionsclass.Right_r_context_click" time="13.707" errors="0" timestamp="2021-04-18T16:32:54 IST" skipped="0">
  <testcase classname="Day10_Actionsclass.Right_r_context_click" name="right_click" time="13.707"/>
  <system-out/>
</testsuite> <!-- Day10_Actionsclass.Right_r_context_click -->
