<?xml version="1.0" encoding="UTF-8"?>
<!-- Generated by org.testng.reporters.JUnitReportReporter -->
<testsuite hostname="SAIKISHORE007" failures="0" tests="1" name="Lab26_TakeScreenShot.ScreenShot_stored_in_my_Folder" time="21.039" errors="0" timestamp="2021-04-07T18:00:31 IST" skipped="0">
  <testcase classname="Lab26_TakeScreenShot.ScreenShot_stored_in_my_Folder" name="Screenshot_Test" time="21.039"/>
  <system-out/>
</testsuite> <!-- Lab26_TakeScreenShot.ScreenShot_stored_in_my_Folder -->
