<?xml version="1.0" encoding="UTF-8"?>
<!-- Generated by org.testng.reporters.JUnitReportReporter -->
<testsuite hostname="SAIKISHORE007" failures="0" tests="1" name="Day2_AddJobtitles.Addjobtitles_Test" time="28.983" errors="0" timestamp="2021-04-10T18:27:35 IST" skipped="0">
  <testcase classname="Day2_AddJobtitles.Addjobtitles_Test" name="Addskills" time="28.983"/>
  <system-out/>
</testsuite> <!-- Day2_AddJobtitles.Addjobtitles_Test -->
