<?xml version="1.0" encoding="UTF-8"?>
<!-- Generated by org.testng.reporters.JUnitReportReporter -->
<testsuite hostname="SAIKISHORE007" failures="0" tests="1" name="Day1_Login.TC_Login" time="13.140" errors="0" timestamp="2021-04-13T14:47:52 IST" skipped="0">
  <testcase classname="Day1_Login.TC_Login" name="Login_Test" time="13.140"/>
  <system-out/>
</testsuite> <!-- Day1_Login.TC_Login -->
