<?xml version="1.0" encoding="UTF-8"?>
<!-- Generated by org.testng.reporters.JUnitReportReporter -->
<testsuite hostname="SAIKISHORE007" failures="0" tests="3" name="Day5_Dataprovider_NonStatic.AddEducation_Test3" time="116.369" errors="0" timestamp="2021-04-12T16:18:56 IST" skipped="0">
  <testcase classname="Day5_Dataprovider_NonStatic.AddEducation_Test3" name="Addskills" time="65.488"/>
  <system-out/>
  <testcase classname="Day5_Dataprovider_NonStatic.AddEducation_Test3" name="Addskills" time="30.770"/>
  <system-out/>
  <testcase classname="Day5_Dataprovider_NonStatic.AddEducation_Test3" name="Addskills" time="20.111"/>
  <system-out/>
</testsuite> <!-- Day5_Dataprovider_NonStatic.AddEducation_Test3 -->
