<?xml version="1.0" encoding="UTF-8"?>
<!-- Generated by org.testng.reporters.JUnitReportReporter -->
<testsuite hostname="SAIKISHORE007" failures="0" tests="1" name="Day_18PageObjectModel.AddSkills" time="13.886" errors="0" timestamp="2021-04-21T16:58:57 IST" skipped="0">
  <testcase classname="Day_18PageObjectModel.AddSkills" name="AddSkills" time="13.886"/>
  <system-out/>
</testsuite> <!-- Day_18PageObjectModel.AddSkills -->
