<?xml version="1.0" encoding="UTF-8"?>
<!-- Generated by org.testng.reporters.JUnitReportReporter -->
<testsuite hostname="SAIKISHORE007" failures="0" tests="3" name="Day5_Dataprovider_NonStatic.AddSkills_Test" time="50.971" errors="0" timestamp="2021-04-11T14:06:28 IST" skipped="0">
  <testcase classname="Day5_Dataprovider_NonStatic.AddSkills_Test" name="Addskills_" time="15.360"/>
  <system-out/>
  <testcase classname="Day5_Dataprovider_NonStatic.AddSkills_Test" name="Addskills_" time="16.748"/>
  <system-out/>
  <testcase classname="Day5_Dataprovider_NonStatic.AddSkills_Test" name="Addskills_" time="18.863"/>
  <system-out/>
</testsuite> <!-- Day5_Dataprovider_NonStatic.AddSkills_Test -->
