<?xml version="1.0" encoding="UTF-8"?>
<!-- Generated by org.testng.reporters.JUnitReportReporter -->
<testsuite hostname="SAIKISHORE007" failures="0" tests="1" name="Lab23_File_Upload_Download.Addphoto_NewEmployee" time="47.786" errors="0" timestamp="2021-04-12T15:20:45 IST" skipped="0">
  <testcase classname="Lab23_File_Upload_Download.Addphoto_NewEmployee" name="NewEmployee_photoUpload" time="47.786"/>
  <system-out/>
</testsuite> <!-- Lab23_File_Upload_Download.Addphoto_NewEmployee -->
