<?xml version="1.0" encoding="UTF-8"?>
<!-- Generated by org.testng.reporters.JUnitReportReporter -->
<testsuite hostname="SAIKISHORE007" failures="0" tests="1" name="Day7_TestNG_Parameter_static.Addjobtitles_Test" time="28.350" errors="0" timestamp="2021-04-13T11:29:32 IST" skipped="0">
  <testcase classname="Day7_TestNG_Parameter_static.Addjobtitles_Test" name="Addskills" time="28.350"/>
  <system-out/>
</testsuite> <!-- Day7_TestNG_Parameter_static.Addjobtitles_Test -->
