<?xml version="1.0" encoding="UTF-8"?>
<!-- Generated by org.testng.reporters.JUnitReportReporter -->
<testsuite hostname="SAIKISHORE007" failures="0" tests="1" name="Day_20FileUpload_Download.FileUpload" time="69.929" errors="0" timestamp="2021-04-23T15:13:12 IST" skipped="0">
  <testcase classname="Day_20FileUpload_Download.FileUpload" name="File_Upload" time="69.929"/>
  <system-out/>
</testsuite> <!-- Day_20FileUpload_Download.FileUpload -->
