<?xml version="1.0" encoding="UTF-8"?>
<!-- Generated by org.testng.reporters.JUnitReportReporter -->
<testsuite hostname="SAIKISHORE007" failures="0" tests="1" name="Day1_Login.TC_Login2" time="27.261" errors="0" timestamp="2021-04-17T17:52:54 IST" skipped="0">
  <testcase classname="Day1_Login.TC_Login2" name="Login_Test" time="27.261"/>
  <system-out/>
</testsuite> <!-- Day1_Login.TC_Login2 -->
