<?xml version="1.0" encoding="UTF-8"?>
<!-- Generated by org.testng.reporters.JUnitReportReporter -->
<testsuite hostname="SAIKISHORE007" failures="0" tests="2" name="DAY14_TestNG_Groups.TestNG_Group_Test" time="21.489" errors="0" timestamp="2021-04-21T11:33:42 IST" skipped="0">
  <testcase classname="DAY14_TestNG_Groups.TestNG_Group_Test" name="Google_Test" time="8.791"/>
  <system-out/>
  <testcase classname="DAY14_TestNG_Groups.TestNG_Group_Test" name="TestNg_Test" time="12.698"/>
  <system-out/>
</testsuite> <!-- DAY14_TestNG_Groups.TestNG_Group_Test -->
