<?xml version="1.0" encoding="UTF-8"?>
<!-- Generated by org.testng.reporters.JUnitReportReporter -->
<testsuite hostname="SAIKISHORE007" failures="0" tests="1" name="Day3_StaticparameterMethod.AddEducation_Test" time="31.588" errors="0" timestamp="2021-04-10T18:34:28 IST" skipped="0">
  <testcase classname="Day3_StaticparameterMethod.AddEducation_Test" name="Addskills" time="31.588"/>
  <system-out/>
</testsuite> <!-- Day3_StaticparameterMethod.AddEducation_Test -->
