<?xml version="1.0" encoding="UTF-8"?>
<!-- Generated by org.testng.reporters.JUnitReportReporter -->
<testsuite hostname="SAIKISHORE007" failures="0" tests="1" name="Day4_Locators.Locators_Test" time="10.172" errors="0" timestamp="2021-04-11T10:53:32 IST" skipped="0">
  <testcase classname="Day4_Locators.Locators_Test" name="Locator_Test" time="10.172"/>
  <system-out/>
</testsuite> <!-- Day4_Locators.Locators_Test -->
