<?xml version="1.0" encoding="UTF-8"?>
<!-- Generated by org.testng.reporters.JUnitReportReporter -->
<testsuite hostname="SAIKISHORE007" failures="0" tests="2" name="Day7_TestNG_Parameter_Excel_Browser.Addjobtitles_Test" time="21.046" errors="0" timestamp="2021-04-13T17:09:30 IST" skipped="0">
  <testcase classname="Day7_TestNG_Parameter_Excel_Browser.Addjobtitles_Test" name="Addskills" time="16.464"/>
  <system-out/>
  <testcase classname="Day7_TestNG_Parameter_Excel_Browser.Addjobtitles_Test" name="Addskills" time="4.582"/>
  <system-out/>
</testsuite> <!-- Day7_TestNG_Parameter_Excel_Browser.Addjobtitles_Test -->
