<?xml version="1.0" encoding="UTF-8"?>
<!-- Generated by org.testng.reporters.JUnitReportReporter -->
<testsuite hostname="SAIKISHORE007" failures="0" tests="1" name="Day9_Custmized_EmailableReport.AddSkills_Test" time="24.529" errors="0" timestamp="2021-04-14T16:26:58 IST" skipped="0">
  <testcase classname="Day9_Custmized_EmailableReport.AddSkills_Test" name="Addskills" time="24.529"/>
  <system-out>
    <![CDATA[<table> <tr >  <img   style="border:1px solid black;"      src="C:\HTML Report\HtmlTemplates\Logo.JPEG"></tr><tr   ><center><font color="red"  size="15" >Addskills</font></center></tr><tr bgcolor="#9370DB"> <th width="100px"> <center><font color="white"  size="4" >Steps</font></center><font color="white"  size="4" ></font></center> </th> <th width="450px" ><center><font color="white"  size="4" >Details </font> </center></th> <th width="100px" ><center><font color="white"  size="4" >Status</font></center></th>  <th  width="250px"  ><center><font color="white"  size="4" >Screen Shots</font></center></th> <th width="250px"  ><center><font color="white"  size="4" >Date & Time</font></center></th>  </tr>       
 <tr bgcolor="#eee"> <th width="100px"> <center>Step&nbsp;1</center> </th> <th width="450px" ><center><b><font color='black'>   Opened OrangeHRM</b> </font></center></th> <th width="100px" ><center><img src='file:///C:\HTML Report\HtmlTemplates\passed.ico'    +     "width="30" + height="30"></img></center></th>  <th  width="250px"  ><center><a href=C:/HTML Report/test-output/TempScreenShots/Addskills_2021_Apr_14_4_26_36_650_PM/14_Apr_2021 4_26_42_745 PM.png target="popup" onclick="window.open('C:/HTML Report/test-output/TempScreenShots/Addskills_2021_Apr_14_4_26_36_650_PM/14_Apr_2021 4_26_42_745 PM.png','popup','width=600,height=600'); return false;"> ScreenShot</a> </center></th> <th width="250px"  ><center>2021_Apr_14_4_26_43_581_PM</center></th>  </tr>      
 <tr bgcolor="#ddd"> <th width="100px"> <center>Step&nbsp;2</center> </th> <th width="450px" ><center><b><font color='black'>   Entered Username</b> </font></center></th> <th width="100px" ><center><img src='file:///C:\HTML Report\HtmlTemplates\passed.ico'    +     "width="30" + height="30"></img></center></th>  <th  width="250px"  ><center><a href=C:/HTML Report/test-output/TempScreenShots/Addskills_2021_Apr_14_4_26_36_650_PM/14_Apr_2021 4_26_43_737 PM.png target="popup" onclick="window.open('C:/HTML Report/test-output/TempScreenShots/Addskills_2021_Apr_14_4_26_36_650_PM/14_Apr_2021 4_26_43_737 PM.png','popup','width=600,height=600'); return false;"> ScreenShot</a> </center></th> <th width="250px"  ><center>2021_Apr_14_4_26_44_121_PM</center></th>  </tr>      
 <tr bgcolor="#eee"> <th width="100px"> <center>Step&nbsp;3</center> </th> <th width="450px" ><center><b><font color='black'>   Entered Password</b> </font></center></th> <th width="100px" ><center><img src='file:///C:\HTML Report\HtmlTemplates\passed.ico'    +     "width="30" + height="30"></img></center></th>  <th  width="250px"  ><center><a href=C:/HTML Report/test-output/TempScreenShots/Addskills_2021_Apr_14_4_26_36_650_PM/14_Apr_2021 4_26_44_254 PM.png target="popup" onclick="window.open('C:/HTML Report/test-output/TempScreenShots/Addskills_2021_Apr_14_4_26_36_650_PM/14_Apr_2021 4_26_44_254 PM.png','popup','width=600,height=600'); return false;"> ScreenShot</a> </center></th> <th width="250px"  ><center>2021_Apr_14_4_26_44_619_PM</center></th>  </tr>      
 <tr bgcolor="#ddd"> <th width="100px"> <center>Step&nbsp;4</center> </th> <th width="450px" ><center><b><font color='black'>   Clicked on Login</b> </font></center></th> <th width="100px" ><center><img src='file:///C:\HTML Report\HtmlTemplates\passed.ico'    +     "width="30" + height="30"></img></center></th>  <th  width="250px"  ><center><a href=C:/HTML Report/test-output/TempScreenShots/Addskills_2021_Apr_14_4_26_36_650_PM/14_Apr_2021 4_26_49_736 PM.png target="popup" onclick="window.open('C:/HTML Report/test-output/TempScreenShots/Addskills_2021_Apr_14_4_26_36_650_PM/14_Apr_2021 4_26_49_736 PM.png','popup','width=600,height=600'); return false;"> ScreenShot</a> </center></th> <th width="250px"  ><center>2021_Apr_14_4_26_50_185_PM</center></th>  </tr>      
 <tr bgcolor="#eee"> <th width="100px"> <center>Step&nbsp;5</center> </th> <th width="450px" ><center><b><font color='black'>   clicked on Admin</b> </font></center></th> <th width="100px" ><center><img src='file:///C:\HTML Report\HtmlTemplates\passed.ico'    +     "width="30" + height="30"></img></center></th>  <th  width="250px"  ><center><a href=C:/HTML Report/test-output/TempScreenShots/Addskills_2021_Apr_14_4_26_36_650_PM/14_Apr_2021 4_26_52_682 PM.png target="popup" onclick="window.open('C:/HTML Report/test-output/TempScreenShots/Addskills_2021_Apr_14_4_26_36_650_PM/14_Apr_2021 4_26_52_682 PM.png','popup','width=600,height=600'); return false;"> ScreenShot</a> </center></th> <th width="250px"  ><center>2021_Apr_14_4_26_53_044_PM</center></th>  </tr>      
 <tr bgcolor="#ddd"> <th width="100px"> <center>Step&nbsp;6</center> </th> <th width="450px" ><center><b><font color='black'>   clicked on Qualifications</b> </font></center></th> <th width="100px" ><center><img src='file:///C:\HTML Report\HtmlTemplates\passed.ico'    +     "width="30" + height="30"></img></center></th>  <th  width="250px"  ><center><a href=C:/HTML Report/test-output/TempScreenShots/Addskills_2021_Apr_14_4_26_36_650_PM/14_Apr_2021 4_26_53_160 PM.png target="popup" onclick="window.open('C:/HTML Report/test-output/TempScreenShots/Addskills_2021_Apr_14_4_26_36_650_PM/14_Apr_2021 4_26_53_160 PM.png','popup','width=600,height=600'); return false;"> ScreenShot</a> </center></th> <th width="250px"  ><center>2021_Apr_14_4_26_53_555_PM</center></th>  </tr>      
 <tr bgcolor="#eee"> <th width="100px"> <center>Step&nbsp;7</center> </th> <th width="450px" ><center><b><font color='black'>   Clicked on Skills</b> </font></center></th> <th width="100px" ><center><img src='file:///C:\HTML Report\HtmlTemplates\passed.ico'    +     "width="30" + height="30"></img></center></th>  <th  width="250px"  ><center><a href=C:/HTML Report/test-output/TempScreenShots/Addskills_2021_Apr_14_4_26_36_650_PM/14_Apr_2021 4_26_54_964 PM.png target="popup" onclick="window.open('C:/HTML Report/test-output/TempScreenShots/Addskills_2021_Apr_14_4_26_36_650_PM/14_Apr_2021 4_26_54_964 PM.png','popup','width=600,height=600'); return false;"> ScreenShot</a> </center></th> <th width="250px"  ><center>2021_Apr_14_4_26_55_413_PM</center></th>  </tr>      
 <tr bgcolor="#ddd"> <th width="100px"> <center>Step&nbsp;8</center> </th> <th width="450px" ><center><b><font color='black'>   Clicked on Save</b> </font></center></th> <th width="100px" ><center><img src='file:///C:\HTML Report\HtmlTemplates\passed.ico'    +     "width="30" + height="30"></img></center></th>  <th  width="250px"  ><center><a href=C:/HTML Report/test-output/TempScreenShots/Addskills_2021_Apr_14_4_26_36_650_PM/14_Apr_2021 4_26_55_521 PM.png target="popup" onclick="window.open('C:/HTML Report/test-output/TempScreenShots/Addskills_2021_Apr_14_4_26_36_650_PM/14_Apr_2021 4_26_55_521 PM.png','popup','width=600,height=600'); return false;"> ScreenShot</a> </center></th> <th width="250px"  ><center>2021_Apr_14_4_26_55_893_PM</center></th>  </tr>      
 <tr bgcolor="#eee"> <th width="100px"> <center>Step&nbsp;9</center> </th> <th width="450px" ><center><b><font color='black'>   Entered Skill name</b> </font></center></th> <th width="100px" ><center><img src='file:///C:\HTML Report\HtmlTemplates\passed.ico'    +     "width="30" + height="30"></img></center></th>  <th  width="250px"  ><center><a href=C:/HTML Report/test-output/TempScreenShots/Addskills_2021_Apr_14_4_26_36_650_PM/14_Apr_2021 4_26_56_011 PM.png target="popup" onclick="window.open('C:/HTML Report/test-output/TempScreenShots/Addskills_2021_Apr_14_4_26_36_650_PM/14_Apr_2021 4_26_56_011 PM.png','popup','width=600,height=600'); return false;"> ScreenShot</a> </center></th> <th width="250px"  ><center>2021_Apr_14_4_26_56_376_PM</center></th>  </tr>      
 <tr bgcolor="#ddd"> <th width="100px"> <center>Step&nbsp;10</center> </th> <th width="450px" ><center><b><font color='black'>   Entered Skill description</b> </font></center></th> <th width="100px" ><center><img src='file:///C:\HTML Report\HtmlTemplates\passed.ico'    +     "width="30" + height="30"></img></center></th>  <th  width="250px"  ><center><a href=C:/HTML Report/test-output/TempScreenShots/Addskills_2021_Apr_14_4_26_36_650_PM/14_Apr_2021 4_26_56_491 PM.png target="popup" onclick="window.open('C:/HTML Report/test-output/TempScreenShots/Addskills_2021_Apr_14_4_26_36_650_PM/14_Apr_2021 4_26_56_491 PM.png','popup','width=600,height=600'); return false;"> ScreenShot</a> </center></th> <th width="250px"  ><center>2021_Apr_14_4_26_56_870_PM</center></th>  </tr>      
 <tr bgcolor="#eee"> <th width="100px"> <center>Step&nbsp;11</center> </th> <th width="450px" ><center><b><font color='black'>   clicked on Save</b> </font></center></th> <th width="100px" ><center><img src='file:///C:\HTML Report\HtmlTemplates\passed.ico'    +     "width="30" + height="30"></img></center></th>  <th  width="250px"  ><center><a href=C:/HTML Report/test-output/TempScreenShots/Addskills_2021_Apr_14_4_26_36_650_PM/14_Apr_2021 4_26_56_991 PM.png target="popup" onclick="window.open('C:/HTML Report/test-output/TempScreenShots/Addskills_2021_Apr_14_4_26_36_650_PM/14_Apr_2021 4_26_56_991 PM.png','popup','width=600,height=600'); return false;"> ScreenShot</a> </center></th> <th width="250px"  ><center>2021_Apr_14_4_26_57_362_PM</center></th>  </tr>      ]]>
  </system-out>
</testsuite> <!-- Day9_Custmized_EmailableReport.AddSkills_Test -->
