<?xml version="1.0" encoding="UTF-8"?>
<!-- Generated by org.testng.reporters.JUnitReportReporter -->
<testsuite hostname="SAIKISHORE007" failures="0" tests="3" name="Day5_Dataprovider_NonStatic.Addjobtitles_Test" time="50.346" errors="0" timestamp="2021-04-11T13:57:35 IST" skipped="0">
  <testcase classname="Day5_Dataprovider_NonStatic.Addjobtitles_Test" name="Addskills" time="15.396"/>
  <system-out/>
  <testcase classname="Day5_Dataprovider_NonStatic.Addjobtitles_Test" name="Addskills" time="16.037"/>
  <system-out/>
  <testcase classname="Day5_Dataprovider_NonStatic.Addjobtitles_Test" name="Addskills" time="18.913"/>
  <system-out/>
</testsuite> <!-- Day5_Dataprovider_NonStatic.Addjobtitles_Test -->
