<?xml version="1.0" encoding="UTF-8"?>
<!-- Generated by org.testng.reporters.JUnitReportReporter -->
<testsuite hostname="SAIKISHORE007" failures="0" tests="1" name="Day3_StaticparameterMethod.Addjobtitles_Test" time="39.749" errors="0" timestamp="2021-04-10T18:35:25 IST" skipped="0">
  <testcase classname="Day3_StaticparameterMethod.Addjobtitles_Test" name="Addskills" time="39.749"/>
  <system-out/>
</testsuite> <!-- Day3_StaticparameterMethod.Addjobtitles_Test -->
