<?xml version="1.0" encoding="UTF-8"?>
<!-- Generated by org.testng.reporters.JUnitReportReporter -->
<testsuite hostname="SAIKISHORE007" failures="0" tests="2" name="Day_6Dataprovider_from_Excel_nonstatic.Addjobtitles_Test" time="48.172" errors="0" timestamp="2021-04-11T16:59:25 IST" skipped="0">
  <testcase classname="Day_6Dataprovider_from_Excel_nonstatic.Addjobtitles_Test" name="Addskills" time="27.596"/>
  <system-out/>
  <testcase classname="Day_6Dataprovider_from_Excel_nonstatic.Addjobtitles_Test" name="Addskills" time="20.576"/>
  <system-out/>
</testsuite> <!-- Day_6Dataprovider_from_Excel_nonstatic.Addjobtitles_Test -->
