<?xml version="1.0" encoding="UTF-8"?>
<!-- Generated by org.testng.reporters.JUnitReportReporter -->
<testsuite hostname="SAIKISHORE007" failures="0" tests="2" name="Day5_Dataprovider_NonStatic.AddEducation_Test2" time="32.549" errors="0" timestamp="2021-04-11T15:03:01 IST" skipped="0">
  <testcase classname="Day5_Dataprovider_NonStatic.AddEducation_Test2" name="Addskills" time="17.104"/>
  <system-out/>
  <testcase classname="Day5_Dataprovider_NonStatic.AddEducation_Test2" name="Addskills" time="15.445"/>
  <system-out/>
</testsuite> <!-- Day5_Dataprovider_NonStatic.AddEducation_Test2 -->
