<?xml version="1.0" encoding="UTF-8"?>
<!-- Generated by org.testng.reporters.JUnitReportReporter -->
<testsuite hostname="SAIKISHORE007" failures="0" tests="1" name="Day_21Excel_Apache_POI.AddEducation_Test_XlsX" time="22.209" errors="0" timestamp="2021-04-29T11:22:29 IST" skipped="0">
  <testcase classname="Day_21Excel_Apache_POI.AddEducation_Test_XlsX" name="Addskills" time="22.209"/>
  <system-out/>
</testsuite> <!-- Day_21Excel_Apache_POI.AddEducation_Test_XlsX -->
