<?xml version="1.0" encoding="UTF-8"?>
<!-- Generated by org.testng.reporters.JUnitReportReporter -->
<testsuite hostname="SAIKISHORE007" failures="0" tests="1" name="Day7_TestNG_Parameters_nonstatic.Addjobtitles_Test" time="21.358" errors="0" timestamp="2021-04-13T10:44:50 IST" skipped="0">
  <testcase classname="Day7_TestNG_Parameters_nonstatic.Addjobtitles_Test" name="Addskills" time="21.358"/>
  <system-out/>
</testsuite> <!-- Day7_TestNG_Parameters_nonstatic.Addjobtitles_Test -->
