<?xml version="1.0" encoding="UTF-8"?>
<!-- Generated by org.testng.reporters.JUnitReportReporter -->
<testsuite hostname="SAIKISHORE007" failures="0" tests="1" name="Day9_Custmized_EmailableReport.AddEducation_Test" time="25.182" errors="0" timestamp="2021-04-14T15:50:04 IST" skipped="0">
  <testcase classname="Day9_Custmized_EmailableReport.AddEducation_Test" name="Addskills" time="25.182"/>
  <system-out>
    <![CDATA[<table> <tr >  <img   style="border:1px solid black;"      src="C:\HTML Report\HtmlTemplates\Logo.JPEG"></tr><tr   ><center><font color="red"  size="15" >AddSkill</font></center></tr><tr bgcolor="#9370DB"> <th width="100px"> <center><font color="white"  size="4" >Steps</font></center><font color="white"  size="4" ></font></center> </th> <th width="450px" ><center><font color="white"  size="4" >Details </font> </center></th> <th width="100px" ><center><font color="white"  size="4" >Status</font></center></th>  <th  width="250px"  ><center><font color="white"  size="4" >Screen Shots</font></center></th> <th width="250px"  ><center><font color="white"  size="4" >Date & Time</font></center></th>  </tr>       
 <tr bgcolor="#eee"> <th width="100px"> <center>Step&nbsp;1</center> </th> <th width="450px" ><center><b><font color='black'>   OpenedOrangeHRM</b> </font></center></th> <th width="100px" ><center><img src='file:///C:\HTML Report\HtmlTemplates\passed.ico'    +     "width="30" + height="30"></img></center></th>  <th  width="250px"  ><center><a href=C:/HTML Report/test-output/TempScreenShots/AddSkill_2021_Apr_14_3_49_42_528_PM/14_Apr_2021 3_49_47_570 PM.png target="popup" onclick="window.open('C:/HTML Report/test-output/TempScreenShots/AddSkill_2021_Apr_14_3_49_42_528_PM/14_Apr_2021 3_49_47_570 PM.png','popup','width=600,height=600'); return false;"> ScreenShot</a> </center></th> <th width="250px"  ><center>2021_Apr_14_3_49_48_412_PM</center></th>  </tr>      
 <tr bgcolor="#ddd"> <th width="100px"> <center>Step&nbsp;2</center> </th> <th width="450px" ><center><b><font color='black'>   Username Entered</b> </font></center></th> <th width="100px" ><center><img src='file:///C:\HTML Report\HtmlTemplates\passed.ico'    +     "width="30" + height="30"></img></center></th>  <th  width="250px"  ><center><a href=C:/HTML Report/test-output/TempScreenShots/AddSkill_2021_Apr_14_3_49_42_528_PM/14_Apr_2021 3_49_48_578 PM.png target="popup" onclick="window.open('C:/HTML Report/test-output/TempScreenShots/AddSkill_2021_Apr_14_3_49_42_528_PM/14_Apr_2021 3_49_48_578 PM.png','popup','width=600,height=600'); return false;"> ScreenShot</a> </center></th> <th width="250px"  ><center>2021_Apr_14_3_49_49_004_PM</center></th>  </tr>      
 <tr bgcolor="#eee"> <th width="100px"> <center>Step&nbsp;3</center> </th> <th width="450px" ><center><b><font color='black'>   Password Entered</b> </font></center></th> <th width="100px" ><center><img src='file:///C:\HTML Report\HtmlTemplates\passed.ico'    +     "width="30" + height="30"></img></center></th>  <th  width="250px"  ><center><a href=C:/HTML Report/test-output/TempScreenShots/AddSkill_2021_Apr_14_3_49_42_528_PM/14_Apr_2021 3_49_49_127 PM.png target="popup" onclick="window.open('C:/HTML Report/test-output/TempScreenShots/AddSkill_2021_Apr_14_3_49_42_528_PM/14_Apr_2021 3_49_49_127 PM.png','popup','width=600,height=600'); return false;"> ScreenShot</a> </center></th> <th width="250px"  ><center>2021_Apr_14_3_49_49_547_PM</center></th>  </tr>      
 <tr bgcolor="#ddd"> <th width="100px"> <center>Step&nbsp;4</center> </th> <th width="450px" ><center><b><font color='black'>   Login Clicked</b> </font></center></th> <th width="100px" ><center><img src='file:///C:\HTML Report\HtmlTemplates\passed.ico'    +     "width="30" + height="30"></img></center></th>  <th  width="250px"  ><center><a href=C:/HTML Report/test-output/TempScreenShots/AddSkill_2021_Apr_14_3_49_42_528_PM/14_Apr_2021 3_49_55_827 PM.png target="popup" onclick="window.open('C:/HTML Report/test-output/TempScreenShots/AddSkill_2021_Apr_14_3_49_42_528_PM/14_Apr_2021 3_49_55_827 PM.png','popup','width=600,height=600'); return false;"> ScreenShot</a> </center></th> <th width="250px"  ><center>2021_Apr_14_3_49_56_281_PM</center></th>  </tr>      
 <tr bgcolor="#eee"> <th width="100px"> <center>Step&nbsp;5</center> </th> <th width="450px" ><center><b><font color='black'>   Click on Admin</b> </font></center></th> <th width="100px" ><center><img src='file:///C:\HTML Report\HtmlTemplates\passed.ico'    +     "width="30" + height="30"></img></center></th>  <th  width="250px"  ><center><a href=C:/HTML Report/test-output/TempScreenShots/AddSkill_2021_Apr_14_3_49_42_528_PM/14_Apr_2021 3_49_58_905 PM.png target="popup" onclick="window.open('C:/HTML Report/test-output/TempScreenShots/AddSkill_2021_Apr_14_3_49_42_528_PM/14_Apr_2021 3_49_58_905 PM.png','popup','width=600,height=600'); return false;"> ScreenShot</a> </center></th> <th width="250px"  ><center>2021_Apr_14_3_49_59_309_PM</center></th>  </tr>      
 <tr bgcolor="#ddd"> <th width="100px"> <center>Step&nbsp;6</center> </th> <th width="450px" ><center><b><font color='black'>   Click on Qualifications</b> </font></center></th> <th width="100px" ><center><img src='file:///C:\HTML Report\HtmlTemplates\passed.ico'    +     "width="30" + height="30"></img></center></th>  <th  width="250px"  ><center><a href=C:/HTML Report/test-output/TempScreenShots/AddSkill_2021_Apr_14_3_49_42_528_PM/14_Apr_2021 3_49_59_469 PM.png target="popup" onclick="window.open('C:/HTML Report/test-output/TempScreenShots/AddSkill_2021_Apr_14_3_49_42_528_PM/14_Apr_2021 3_49_59_469 PM.png','popup','width=600,height=600'); return false;"> ScreenShot</a> </center></th> <th width="250px"  ><center>2021_Apr_14_3_49_59_836_PM</center></th>  </tr>      
 <tr bgcolor="#eee"> <th width="100px"> <center>Step&nbsp;7</center> </th> <th width="450px" ><center><b><font color='black'>   Click on Education</b> </font></center></th> <th width="100px" ><center><img src='file:///C:\HTML Report\HtmlTemplates\passed.ico'    +     "width="30" + height="30"></img></center></th>  <th  width="250px"  ><center><a href=C:/HTML Report/test-output/TempScreenShots/AddSkill_2021_Apr_14_3_49_42_528_PM/14_Apr_2021 3_50_00_941 PM.png target="popup" onclick="window.open('C:/HTML Report/test-output/TempScreenShots/AddSkill_2021_Apr_14_3_49_42_528_PM/14_Apr_2021 3_50_00_941 PM.png','popup','width=600,height=600'); return false;"> ScreenShot</a> </center></th> <th width="250px"  ><center>2021_Apr_14_3_50_01_303_PM</center></th>  </tr>      
 <tr bgcolor="#ddd"> <th width="100px"> <center>Step&nbsp;8</center> </th> <th width="450px" ><center><b><font color='black'>   Click on Add</b> </font></center></th> <th width="100px" ><center><img src='file:///C:\HTML Report\HtmlTemplates\passed.ico'    +     "width="30" + height="30"></img></center></th>  <th  width="250px"  ><center><a href=C:/HTML Report/test-output/TempScreenShots/AddSkill_2021_Apr_14_3_49_42_528_PM/14_Apr_2021 3_50_01_417 PM.png target="popup" onclick="window.open('C:/HTML Report/test-output/TempScreenShots/AddSkill_2021_Apr_14_3_49_42_528_PM/14_Apr_2021 3_50_01_417 PM.png','popup','width=600,height=600'); return false;"> ScreenShot</a> </center></th> <th width="250px"  ><center>2021_Apr_14_3_50_01_793_PM</center></th>  </tr>      
 <tr bgcolor="#eee"> <th width="100px"> <center>Step&nbsp;9</center> </th> <th width="450px" ><center><b><font color='black'>   Education name Entered</b> </font></center></th> <th width="100px" ><center><img src='file:///C:\HTML Report\HtmlTemplates\passed.ico'    +     "width="30" + height="30"></img></center></th>  <th  width="250px"  ><center><a href=C:/HTML Report/test-output/TempScreenShots/AddSkill_2021_Apr_14_3_49_42_528_PM/14_Apr_2021 3_50_01_930 PM.png target="popup" onclick="window.open('C:/HTML Report/test-output/TempScreenShots/AddSkill_2021_Apr_14_3_49_42_528_PM/14_Apr_2021 3_50_01_930 PM.png','popup','width=600,height=600'); return false;"> ScreenShot</a> </center></th> <th width="250px"  ><center>2021_Apr_14_3_50_02_318_PM</center></th>  </tr>      
 <tr bgcolor="#ddd"> <th width="100px"> <center>Step&nbsp;10</center> </th> <th width="450px" ><center><b><font color='black'>   Click on Save</b> </font></center></th> <th width="100px" ><center><img src='file:///C:\HTML Report\HtmlTemplates\passed.ico'    +     "width="30" + height="30"></img></center></th>  <th  width="250px"  ><center><a href=C:/HTML Report/test-output/TempScreenShots/AddSkill_2021_Apr_14_3_49_42_528_PM/14_Apr_2021 3_50_03_514 PM.png target="popup" onclick="window.open('C:/HTML Report/test-output/TempScreenShots/AddSkill_2021_Apr_14_3_49_42_528_PM/14_Apr_2021 3_50_03_514 PM.png','popup','width=600,height=600'); return false;"> ScreenShot</a> </center></th> <th width="250px"  ><center>2021_Apr_14_3_50_03_878_PM</center></th>  </tr>      ]]>
  </system-out>
</testsuite> <!-- Day9_Custmized_EmailableReport.AddEducation_Test -->
