<?xml version="1.0" encoding="UTF-8"?>
<!-- Generated by org.testng.reporters.JUnitReportReporter -->
<testsuite hostname="SAIKISHORE007" failures="0" tests="2" name="Day_6Dataprovider_from_Excel_nonstatic.AddSkills_Test" time="151.649" errors="0" timestamp="2021-04-11T16:38:23 IST" skipped="0">
  <testcase classname="Day_6Dataprovider_from_Excel_nonstatic.AddSkills_Test" name="Addskills_" time="19.511"/>
  <system-out/>
  <testcase classname="Day_6Dataprovider_from_Excel_nonstatic.AddSkills_Test" name="Addskills_" time="132.138"/>
  <system-out/>
</testsuite> <!-- Day_6Dataprovider_from_Excel_nonstatic.AddSkills_Test -->
