<?xml version="1.0" encoding="UTF-8"?>
<!-- Generated by org.testng.reporters.JUnitReportReporter -->
<testsuite hostname="SAIKISHORE007" failures="0" tests="1" name="FailedTestCases_Report.TC01_Login_Static" time="27.414" errors="0" timestamp="2021-04-07T19:21:28 IST" skipped="0">
  <testcase classname="FailedTestCases_Report.TC01_Login_Static" name="loginTest" time="27.414"/>
  <system-out/>
</testsuite> <!-- FailedTestCases_Report.TC01_Login_Static -->
