<?xml version="1.0" encoding="UTF-8"?>
<!-- Generated by org.testng.reporters.JUnitReportReporter -->
<testsuite hostname="SAIKISHORE007" failures="0" tests="1" name="Day3_non_staticparameterMethod.AddEducation_Test" time="16.582" errors="0" timestamp="2021-04-10T17:35:32 IST" skipped="0">
  <testcase classname="Day3_non_staticparameterMethod.AddEducation_Test" name="Addskills" time="16.582"/>
  <system-out/>
</testsuite> <!-- Day3_non_staticparameterMethod.AddEducation_Test -->
