<?xml version="1.0" encoding="UTF-8"?>
<!-- Generated by org.testng.reporters.JUnitReportReporter -->
<testsuite hostname="SAIKISHORE007" failures="0" tests="1" name="Day12_Waits.Implicity_Wait" time="21.210" errors="0" timestamp="2021-04-19T18:29:53 IST" skipped="0">
  <testcase classname="Day12_Waits.Implicity_Wait" name="ImplicityWait_Test" time="21.210"/>
  <system-out/>
</testsuite> <!-- Day12_Waits.Implicity_Wait -->
