<?xml version="1.0" encoding="UTF-8"?>
<!-- Generated by org.testng.reporters.JUnitReportReporter -->
<testsuite hostname="SAIKISHORE007" failures="0" tests="1" name="Day_19PageFactory_Model.AddJobs" time="16.770" errors="0" timestamp="2021-04-21T18:08:02 IST" skipped="0">
  <testcase classname="Day_19PageFactory_Model.AddJobs" name="AddJobs_Test" time="16.770"/>
  <system-out/>
</testsuite> <!-- Day_19PageFactory_Model.AddJobs -->
