<?xml version="1.0" encoding="UTF-8"?>
<!-- Generated by org.testng.reporters.JUnitReportReporter -->
<testsuite hostname="SAIKISHORE007" failures="0" tests="1" name="Day8_Parallel_classes.TC_Login2" time="16.380" errors="0" timestamp="2021-04-13T17:39:07 IST" skipped="0">
  <testcase classname="Day8_Parallel_classes.TC_Login2" name="Login_Test" time="16.380"/>
  <system-out/>
</testsuite> <!-- Day8_Parallel_classes.TC_Login2 -->
