<?xml version="1.0" encoding="UTF-8"?>
<!-- Generated by org.testng.reporters.JUnitReportReporter -->
<testsuite hostname="SAIKISHORE007" failures="0" tests="1" name="Day10_JavaScriptExecutor.MultipleWindows_2" time="31.717" errors="0" timestamp="2021-04-18T11:38:29 IST" skipped="0">
  <testcase classname="Day10_JavaScriptExecutor.MultipleWindows_2" name="Windows2_Test" time="31.717"/>
  <system-out/>
</testsuite> <!-- Day10_JavaScriptExecutor.MultipleWindows_2 -->
