<?xml version="1.0" encoding="UTF-8"?>
<!-- Generated by org.testng.reporters.JUnitReportReporter -->
<testsuite hostname="SAIKISHORE007" failures="0" tests="3" name="Day7_TestNG_Parameters.AddEducation_Test" time="68.724" errors="0" timestamp="2021-04-13T10:03:55 IST" skipped="0">
  <testcase classname="Day7_TestNG_Parameters.AddEducation_Test" name="AddEducation" time="21.703"/>
  <system-out/>
  <testcase classname="Day7_TestNG_Parameters.AddEducation_Test" name="AddEducation" time="27.131"/>
  <system-out/>
  <testcase classname="Day7_TestNG_Parameters.AddEducation_Test" name="AddEducation" time="19.890"/>
  <system-out/>
</testsuite> <!-- Day7_TestNG_Parameters.AddEducation_Test -->
