<?xml version="1.0" encoding="UTF-8"?>
<!-- Generated by org.testng.reporters.JUnitReportReporter -->
<testsuite hostname="SAIKISHORE007" failures="0" tests="1" name="Day_20FileUpload_Download.Add_NewEmployee_Photo" time="50.750" errors="0" timestamp="2021-04-23T13:01:20 IST" skipped="0">
  <testcase classname="Day_20FileUpload_Download.Add_NewEmployee_Photo" name="AddNewEmployee_Photo" time="50.750"/>
  <system-out/>
</testsuite> <!-- Day_20FileUpload_Download.Add_NewEmployee_Photo -->
