<?xml version="1.0" encoding="UTF-8"?>
<!-- Generated by org.testng.reporters.JUnitReportReporter -->
<testsuite hostname="SAIKISHORE007" failures="0" tests="1" name="Day10_Actionsclass.Drag_Drop" time="10.776" errors="0" timestamp="2021-04-18T16:02:49 IST" skipped="0">
  <testcase classname="Day10_Actionsclass.Drag_Drop" name="doubleclick" time="10.776"/>
  <system-out/>
</testsuite> <!-- Day10_Actionsclass.Drag_Drop -->
