<?xml version="1.0" encoding="UTF-8"?>
<!-- Generated by org.testng.reporters.JUnitReportReporter -->
<testsuite hostname="SAIKISHORE007" failures="0" tests="1" name="Day9_Emailable_Report.Addjobtitles_Test" time="21.379" errors="0" timestamp="2021-04-14T14:49:44 IST" skipped="0">
  <testcase classname="Day9_Emailable_Report.Addjobtitles_Test" name="Addskills" time="21.379"/>
  <system-out>
    <![CDATA[Pass-OpenOrangeHRM
Pass-Enter Username
Pass-Enter Password
Pass-Click on Login
Pass-Click on Admin
Pass-Click on Job
Pass-Click on Jobtitle
Pass-Click on Add
Pass-Enter Jobtitle
Pass-Enter JobDescription
Pass-Enter Jobnote
Pass-Click on Save]]>
  </system-out>
</testsuite> <!-- Day9_Emailable_Report.Addjobtitles_Test -->
