<?xml version="1.0" encoding="UTF-8"?>
<!-- Generated by org.testng.reporters.JUnitReportReporter -->
<testsuite hostname="SAIKISHORE007" failures="0" tests="1" name="Day_21Excel_Apache_POI.AddSkills_Test_exportdata_to_excel_from_Ecllipse" time="2.220" errors="0" timestamp="2021-04-29T14:12:36 IST" skipped="0">
  <testcase classname="Day_21Excel_Apache_POI.AddSkills_Test_exportdata_to_excel_from_Ecllipse" name="Addskills" time="2.220"/>
  <system-out/>
</testsuite> <!-- Day_21Excel_Apache_POI.AddSkills_Test_exportdata_to_excel_from_Ecllipse -->
