<?xml version="1.0" encoding="UTF-8"?>
<!-- Generated by org.testng.reporters.JUnitReportReporter -->
<testsuite hostname="SAIKISHORE007" failures="0" tests="2" name="Day_6Dataprovider_from_Excel_static.AddEducation_Test" time="38.997" errors="0" timestamp="2021-04-11T17:15:20 IST" skipped="0">
  <testcase classname="Day_6Dataprovider_from_Excel_static.AddEducation_Test" name="Addskills" time="18.596"/>
  <system-out/>
  <testcase classname="Day_6Dataprovider_from_Excel_static.AddEducation_Test" name="Addskills" time="20.401"/>
  <system-out/>
</testsuite> <!-- Day_6Dataprovider_from_Excel_static.AddEducation_Test -->
