<?xml version="1.0" encoding="UTF-8"?>
<!-- Generated by org.testng.reporters.JUnitReportReporter -->
<testsuite hostname="SAIKISHORE007" failures="0" tests="1" name="Lab23_File_Upload_Download.AddPhoto_ExistingEmployee" time="0.000" errors="0" timestamp="2021-04-09T18:19:10 IST" skipped="1">
  <testcase classname="Lab23_File_Upload_Download.AddPhoto_ExistingEmployee" name="AddEmployee_call_allmethods" time="0.000">
    <skipped/>
  </testcase> <!-- AddEmployee_call_allmethods -->
  <system-out/>
</testsuite> <!-- Lab23_File_Upload_Download.AddPhoto_ExistingEmployee -->
