<?xml version="1.0" encoding="UTF-8"?>
<!-- Generated by org.testng.reporters.JUnitReportReporter -->
<testsuite hostname="SAIKISHORE007" failures="0" tests="1" name="Day3_non_staticparameterMethod.Addjobtitles_Test" time="19.636" errors="0" timestamp="2021-04-10T17:53:26 IST" skipped="0">
  <testcase classname="Day3_non_staticparameterMethod.Addjobtitles_Test" name="Addskills" time="19.636"/>
  <system-out/>
</testsuite> <!-- Day3_non_staticparameterMethod.Addjobtitles_Test -->
