<?xml version="1.0" encoding="UTF-8"?>
<!-- Generated by org.testng.reporters.JUnitReportReporter -->
<testsuite hostname="SAIKISHORE007" failures="0" tests="5" name="Day5_Dataprovider_static.AddSkills_Test" time="89.721" errors="0" timestamp="2021-04-11T14:33:01 IST" skipped="0">
  <testcase classname="Day5_Dataprovider_static.AddSkills_Test" name="Addskills_" time="18.967"/>
  <system-out/>
  <testcase classname="Day5_Dataprovider_static.AddSkills_Test" name="Addskills_" time="17.151"/>
  <system-out/>
  <testcase classname="Day5_Dataprovider_static.AddSkills_Test" name="Addskills_" time="17.007"/>
  <system-out/>
  <testcase classname="Day5_Dataprovider_static.AddSkills_Test" name="Addskills_" time="20.567"/>
  <system-out/>
  <testcase classname="Day5_Dataprovider_static.AddSkills_Test" name="Addskills_" time="16.029"/>
  <system-out/>
</testsuite> <!-- Day5_Dataprovider_static.AddSkills_Test -->
