<?xml version="1.0" encoding="UTF-8"?>
<!-- Generated by org.testng.reporters.JUnitReportReporter -->
<testsuite hostname="SAIKISHORE007" failures="0" tests="2" name="Day7_TestNG_Parameter_Excel_Browser.AddSkills_Test" time="17.760" errors="0" timestamp="2021-04-13T16:28:33 IST" skipped="0">
  <testcase classname="Day7_TestNG_Parameter_Excel_Browser.AddSkills_Test" name="Addskills" time="3.958"/>
  <system-out/>
  <testcase classname="Day7_TestNG_Parameter_Excel_Browser.AddSkills_Test" name="Addskills" time="13.802"/>
  <system-out/>
</testsuite> <!-- Day7_TestNG_Parameter_Excel_Browser.AddSkills_Test -->
