<?xml version="1.0" encoding="UTF-8"?>
<!-- Generated by org.testng.reporters.JUnitReportReporter -->
<testsuite hostname="SAIKISHORE007" failures="0" tests="3" name="Day5_Dataprovider_static.AddEducation_Test" time="70.240" errors="0" timestamp="2021-04-11T14:14:58 IST" skipped="0">
  <testcase classname="Day5_Dataprovider_static.AddEducation_Test" name="Addskills" time="25.195"/>
  <system-out/>
  <testcase classname="Day5_Dataprovider_static.AddEducation_Test" name="Addskills" time="29.698"/>
  <system-out/>
  <testcase classname="Day5_Dataprovider_static.AddEducation_Test" name="Addskills" time="15.347"/>
  <system-out/>
</testsuite> <!-- Day5_Dataprovider_static.AddEducation_Test -->
