<?xml version="1.0" encoding="UTF-8"?>
<!-- Generated by org.testng.reporters.JUnitReportReporter -->
<testsuite hostname="SAIKISHORE007" failures="0" tests="1" name="Day10_JavaScriptExecutor.JavaScriptExecutor_click" time="23.714" errors="0" timestamp="2021-04-17T17:09:16 IST" skipped="0">
  <testcase classname="Day10_JavaScriptExecutor.JavaScriptExecutor_click" name="JSE_Test" time="23.714"/>
  <system-out/>
</testsuite> <!-- Day10_JavaScriptExecutor.JavaScriptExecutor_click -->
