<?xml version="1.0" encoding="UTF-8"?>
<!-- Generated by org.testng.reporters.JUnitReportReporter -->
<testsuite hostname="SAIKISHORE007" failures="0" tests="1" name="Day15_TestNG_Annotations.Annotations_Test" time="9.624" errors="0" timestamp="2021-04-21T12:20:38 IST" skipped="0">
  <testcase classname="Day15_TestNG_Annotations.Annotations_Test" name="Annotations_Test5" time="9.624"/>
  <system-out/>
</testsuite> <!-- Day15_TestNG_Annotations.Annotations_Test -->
