<?xml version="1.0" encoding="UTF-8"?>
<!-- Generated by org.testng.reporters.JUnitReportReporter -->
<testsuite hostname="SAIKISHORE007" failures="0" tests="1" name="Day8_parallel_Tests.AddSkills_Test" time="31.602" errors="0" timestamp="2021-04-13T18:07:33 IST" skipped="0">
  <testcase classname="Day8_parallel_Tests.AddSkills_Test" name="Addskills" time="31.602"/>
  <system-out/>
</testsuite> <!-- Day8_parallel_Tests.AddSkills_Test -->
