<?xml version="1.0" encoding="UTF-8"?>
<!-- Generated by org.testng.reporters.JUnitReportReporter -->
<testsuite hostname="SAIKISHORE007" failures="0" tests="2" name="Day6_DataProvider_from_Excel.Dp_Test" time="35.221" errors="0" timestamp="2021-04-11T16:09:55 IST" skipped="0">
  <testcase classname="Day6_DataProvider_from_Excel.Dp_Test" name="DPtest" time="17.262"/>
  <system-out/>
  <testcase classname="Day6_DataProvider_from_Excel.Dp_Test" name="DPtest" time="17.959"/>
  <system-out/>
</testsuite> <!-- Day6_DataProvider_from_Excel.Dp_Test -->
