<?xml version="1.0" encoding="UTF-8"?>
<!-- Generated by org.testng.reporters.JUnitReportReporter -->
<testsuite hostname="SAIKISHORE007" failures="0" tests="3" name="Day5_Dataprovider.Dp_Test2" time="49.591" errors="0" timestamp="2021-04-11T13:33:32 IST" skipped="0">
  <testcase classname="Day5_Dataprovider.Dp_Test2" name="DPtest" time="15.757"/>
  <system-out/>
  <testcase classname="Day5_Dataprovider.Dp_Test2" name="DPtest" time="18.440"/>
  <system-out/>
  <testcase classname="Day5_Dataprovider.Dp_Test2" name="DPtest" time="15.394"/>
  <system-out/>
</testsuite> <!-- Day5_Dataprovider.Dp_Test2 -->
