<?xml version="1.0" encoding="UTF-8"?>
<!-- Generated by org.testng.reporters.JUnitReportReporter -->
<testsuite hostname="SAIKISHORE007" failures="0" tests="3" name="Day5_Dataprovider.Dp_Test" time="62.334" errors="0" timestamp="2021-04-11T12:45:00 IST" skipped="0">
  <testcase classname="Day5_Dataprovider.Dp_Test" name="DPtest" time="18.255"/>
  <system-out/>
  <testcase classname="Day5_Dataprovider.Dp_Test" name="DPtest" time="24.462"/>
  <system-out/>
  <testcase classname="Day5_Dataprovider.Dp_Test" name="DPtest" time="19.617"/>
  <system-out/>
</testsuite> <!-- Day5_Dataprovider.Dp_Test -->
