<?xml version="1.0" encoding="UTF-8"?>
<!-- Generated by org.testng.reporters.JUnitReportReporter -->
<testsuite hostname="SAIKISHORE007" failures="0" tests="1" name="Day_20FileUpload_Download.File_Download" time="35.171" errors="0" timestamp="2021-04-23T15:29:08 IST" skipped="0">
  <testcase classname="Day_20FileUpload_Download.File_Download" name="File_download" time="35.171"/>
  <system-out/>
</testsuite> <!-- Day_20FileUpload_Download.File_Download -->
