<?xml version="1.0" encoding="UTF-8"?>
<!-- Generated by org.testng.reporters.JUnitReportReporter -->
<testsuite hostname="SAIKISHORE007" failures="0" tests="1" name="Day12_Waits.Theadsleep" time="37.024" errors="0" timestamp="2021-04-19T19:15:49 IST" skipped="0">
  <testcase classname="Day12_Waits.Theadsleep" name="ImplicityWait_Test" time="37.024"/>
  <system-out/>
</testsuite> <!-- Day12_Waits.Theadsleep -->
