<?xml version="1.0" encoding="UTF-8"?>
<!-- Generated by org.testng.reporters.JUnitReportReporter -->
<testsuite hostname="SAIKISHORE007" failures="0" tests="3" name="Day13_Priority.priorityTest" time="16.748" errors="0" timestamp="2021-04-20T17:55:47 IST" skipped="0">
  <testcase classname="Day13_Priority.priorityTest" name="Test1_OpenChromeBrowser" time="2.884"/>
  <system-out/>
  <testcase classname="Day13_Priority.priorityTest" name="Test2_OpenOrangeHRM" time="7.257"/>
  <system-out/>
  <testcase classname="Day13_Priority.priorityTest" name="Test3_Login" time="6.607"/>
  <system-out/>
</testsuite> <!-- Day13_Priority.priorityTest -->
