<?xml version="1.0" encoding="UTF-8"?>
<!-- Generated by org.testng.reporters.JUnitReportReporter -->
<testsuite hostname="SAIKISHORE007" failures="0" tests="5" name="Day13_Priority.Addjobtitles_Test" time="22.508" errors="0" timestamp="2021-04-20T17:39:41 IST" skipped="0">
  <testcase classname="Day13_Priority.Addjobtitles_Test" name="Test1_OpenChromeBrowser" time="2.816"/>
  <system-out/>
  <testcase classname="Day13_Priority.Addjobtitles_Test" name="Test2_OpenOrangeHRM" time="5.771"/>
  <system-out/>
  <testcase classname="Day13_Priority.Addjobtitles_Test" name="Test3_Login" time="6.451"/>
  <system-out/>
  <testcase classname="Day13_Priority.Addjobtitles_Test" name="Test4_Addjobs" time="6.631"/>
  <system-out/>
  <testcase classname="Day13_Priority.Addjobtitles_Test" name="Test5_CloseBrowser" time="0.839"/>
  <system-out/>
</testsuite> <!-- Day13_Priority.Addjobtitles_Test -->
