<?xml version="1.0" encoding="UTF-8"?>
<!-- Generated by org.testng.reporters.JUnitReportReporter -->
<testsuite hostname="SAIKISHORE007" failures="0" tests="1" name="Day9_Emailable_Report.AddEducation_Test" time="18.553" errors="0" timestamp="2021-04-14T14:36:21 IST" skipped="0">
  <testcase classname="Day9_Emailable_Report.AddEducation_Test" name="Addskills" time="18.553"/>
  <system-out>
    <![CDATA[Pass-OpenOrangeHrm
Pass-Enter Username
Pass-Enter Password
Pass-Click on Login
Pass-Click on Admin
Pass-Click on Qualifications
Pass-Click on Education
Pass-Click on Add
Pass-Enter EducationName
Pass-Click on Save]]>
  </system-out>
</testsuite> <!-- Day9_Emailable_Report.AddEducation_Test -->
