<?xml version="1.0" encoding="UTF-8"?>
<!-- Generated by org.testng.reporters.JUnitReportReporter -->
<testsuite hostname="SAIKISHORE007" failures="0" tests="1" name="Day10_JavaScriptExecutor.JavaScript_for_sendkeys" time="76.273" errors="0" timestamp="2021-04-17T15:34:57 IST" skipped="0">
  <testcase classname="Day10_JavaScriptExecutor.JavaScript_for_sendkeys" name="SendKeys_Test" time="76.273"/>
  <system-out/>
</testsuite> <!-- Day10_JavaScriptExecutor.JavaScript_for_sendkeys -->
