<?xml version="1.0" encoding="UTF-8"?>
<!-- Generated by org.testng.reporters.JUnitReportReporter -->
<testsuite hostname="SAIKISHORE007" failures="0" tests="1" name="Day11_Frames.switch_into_Frame_by_Name" time="9.212" errors="0" timestamp="2021-04-19T15:59:39 IST" skipped="0">
  <testcase classname="Day11_Frames.switch_into_Frame_by_Name" name="Frame_Test" time="9.212"/>
  <system-out/>
</testsuite> <!-- Day11_Frames.switch_into_Frame_by_Name -->
