<?xml version="1.0" encoding="UTF-8"?>
<!-- Generated by org.testng.reporters.JUnitReportReporter -->
<testsuite hostname="SAIKISHORE007" failures="0" tests="5" name="Day13_Priority.AddSkills_Test" time="30.354" errors="0" timestamp="2021-04-21T12:23:35 IST" skipped="0">
  <testcase classname="Day13_Priority.AddSkills_Test" name="Test1_OpenChromeBrowser" time="16.156"/>
  <system-out/>
  <testcase classname="Day13_Priority.AddSkills_Test" name="Test2_Login" time="5.521"/>
  <system-out/>
  <testcase classname="Day13_Priority.AddSkills_Test" name="Test3_AddSkills" time="5.339"/>
  <system-out/>
  <testcase classname="Day13_Priority.AddSkills_Test" name="Test4_Logout" time="2.229"/>
  <system-out/>
  <testcase classname="Day13_Priority.AddSkills_Test" name="Test5_CloseBrowser" time="1.109"/>
  <system-out/>
</testsuite> <!-- Day13_Priority.AddSkills_Test -->
