<?xml version="1.0" encoding="UTF-8"?>
<!-- Generated by org.testng.reporters.JUnitReportReporter -->
<testsuite hostname="SAIKISHORE007" failures="0" tests="1" name="Day9_Emailable_Report.AddSkills_Test" time="22.422" errors="0" timestamp="2021-04-14T14:58:14 IST" skipped="0">
  <testcase classname="Day9_Emailable_Report.AddSkills_Test" name="Addskills" time="22.422"/>
  <system-out>
    <![CDATA[Pass-OpenOrangeHRM
Pass-Enter Username
Pass-Enter Password
Click on Login
Pass-Click on Admin
Pass-Click on Qualifications
Pass-Click on Skills
Pass-Click on Add
Pass-Enter SkillName
Pass-Enter Skill Description
Pass-Click on Save]]>
  </system-out>
</testsuite> <!-- Day9_Emailable_Report.AddSkills_Test -->
