<?xml version="1.0" encoding="UTF-8"?>
<!-- Generated by org.testng.reporters.JUnitReportReporter -->
<testsuite hostname="SAIKISHORE007" failures="0" tests="1" name="Day2_AddSkills.AddSkills_Test" time="36.323" errors="0" timestamp="2021-04-10T18:29:39 IST" skipped="0">
  <testcase classname="Day2_AddSkills.AddSkills_Test" name="Addskills" time="36.323"/>
  <system-out/>
</testsuite> <!-- Day2_AddSkills.AddSkills_Test -->
