<?xml version="1.0" encoding="UTF-8"?>
<!-- Generated by org.testng.reporters.JUnitReportReporter -->
<testsuite hostname="SAIKISHORE007" failures="0" tests="1" name="TestNG_Annotations.TestNG_Class" time="0.014" errors="0" timestamp="2021-04-08T20:16:02 IST" skipped="0">
  <testcase classname="TestNG_Annotations.TestNG_Class" name="Test5" time="0.014"/>
  <system-out/>
</testsuite> <!-- TestNG_Annotations.TestNG_Class -->
